<?xml version="1.0" encoding="UTF-8"?>
<testng-results ignored="0" total="1" passed="1" failed="0" skipped="0">
  <reporter-output>
    <line>
      <![CDATA[Maven Project]]>
    </line>
  </reporter-output>
  <suite started-at="2025-01-16T11:28:43 IST" name="Suite" finished-at="2025-01-16T11:28:47 IST" duration-ms="4210">
    <groups>
    </groups>
    <test started-at="2025-01-16T11:28:43 IST" name="Test" finished-at="2025-01-16T11:28:47 IST" duration-ms="4210">
      <class name="com.actitime.testscript.DeleteCustomerModule">
        <test-method signature="Demo()[pri:0, instance:com.actitime.testscript.DeleteCustomerModule@43bc63a3]" started-at="2025-01-16T11:28:43 IST" name="Demo" finished-at="2025-01-16T11:28:47 IST" duration-ms="4174" status="PASS">
          <reporter-output>
            <line>
              <![CDATA[Maven Project]]>
            </line>
          </reporter-output>
        </test-method> <!-- Demo -->
      </class> <!-- com.actitime.testscript.DeleteCustomerModule -->
    </test> <!-- Test -->
  </suite> <!-- Suite -->
</testng-results>
